<?xml version="1.0" encoding="UTF-8"?>
<!-- Generated by org.testng.reporters.JUnitReportReporter -->
<testsuite hostname="DESKTOP-G25VQ67" failures="0" tests="3" name="com.sam.grouping.Test2" time="0.007" errors="0" timestamp="2024-03-02T10:20:18 IST" skipped="0">
  <testcase classname="com.sam.grouping.Test2" name="TC6" time="0.002"/>
  <testcase classname="com.sam.grouping.Test2" name="TC5" time="0.003"/>
  <testcase classname="com.sam.grouping.Test2" name="TC7" time="0.002"/>
</testsuite> <!-- com.sam.grouping.Test2 -->
