<?xml version="1.0" encoding="UTF-8"?>
<!-- Generated by org.testng.reporters.JUnitReportReporter -->
<testsuite hostname="DESKTOP-G25VQ67" failures="0" tests="3" name="Practice.Test1" time="0.016" errors="0" timestamp="2024-02-25T11:13:51 IST" skipped="1">
  <testcase classname="Practice.Test1" name="TC3" time="0.002"/>
  <testcase classname="Practice.Test1" name="TC1" time="0.014"/>
  <testcase classname="Practice.Test1" name="TC2">
    <skipped/>
  </testcase> <!-- TC2 -->
</testsuite> <!-- Practice.Test1 -->
