<?xml version="1.0" encoding="UTF-8"?>
<!-- Generated by org.testng.reporters.JUnitReportReporter -->
<testsuite hostname="DESKTOP-G25VQ67" failures="0" tests="4" name="Practice.Test2" time="0.023" errors="0" timestamp="2024-02-25T11:05:52 IST" skipped="0">
  <testcase classname="Practice.Test2" name="TC7" time="0.002"/>
  <testcase classname="Practice.Test2" name="TC5" time="0.003"/>
  <testcase classname="Practice.Test2" name="TC6" time="0.002"/>
  <testcase classname="Practice.Test2" name="TC4" time="0.016"/>
</testsuite> <!-- Practice.Test2 -->
