<?xml version="1.0" encoding="UTF-8"?>
<!-- Generated by org.testng.reporters.JUnitReportReporter -->
<testsuite hostname="DESKTOP-G25VQ67" failures="0" tests="3" name="com.sam.grouping.Test1" time="0.046" errors="0" timestamp="2024-05-21T22:48:09 IST" skipped="0">
  <testcase classname="com.sam.grouping.Test1" name="TC3" time="0.003"/>
  <testcase classname="com.sam.grouping.Test1" name="TC1" time="0.042"/>
  <testcase classname="com.sam.grouping.Test1" name="TC2" time="0.001"/>
</testsuite> <!-- com.sam.grouping.Test1 -->
