<?xml version="1.0" encoding="UTF-8"?>
<!-- Generated by org.testng.reporters.JUnitReportReporter -->
<testsuite hostname="DESKTOP-G25VQ67" failures="0" tests="1" name="learnTestNG.Testclass" time="0.015" errors="0" timestamp="2024-02-23T18:41:15 IST" skipped="0">
  <testcase classname="learnTestNG.Testclass" name="test" time="0.015"/>
</testsuite> <!-- learnTestNG.Testclass -->
