<?xml version="1.0" encoding="UTF-8"?>
<!-- Generated by org.testng.reporters.JUnitReportReporter -->
<testsuite hostname="DESKTOP-G25VQ67" failures="0" tests="3" name="com.sam.test.Firsttest" time="20.685" errors="0" timestamp="2024-02-25T10:54:00 IST" skipped="0">
  <testcase classname="com.sam.test.Firsttest" name="Enterlogindetails" time="9.965"/>
  <testcase classname="com.sam.test.Firsttest" name="launchapp" time="5.618"/>
  <testcase classname="com.sam.test.Firsttest" name="Verifyname" time="5.102"/>
</testsuite> <!-- com.sam.test.Firsttest -->
