<?xml version="1.0" encoding="UTF-8"?>
<!-- Generated by org.testng.reporters.JUnitReportReporter -->
<testsuite hostname="DESKTOP-G25VQ67" failures="0" tests="2" name="com.sam.test.Secondtest" time="22.052" errors="0" timestamp="2024-03-02T12:55:11 IST" skipped="0">
  <testcase classname="com.sam.test.Secondtest" name="test1" time="9.533"/>
  <testcase classname="com.sam.test.Secondtest" name="test2" time="12.519"/>
</testsuite> <!-- com.sam.test.Secondtest -->
